#
# A fatal error has been detected by the Java Runtime Environment:
#
#  EXCEPTION_ACCESS_VIOLATION (0xc0000005) at pc=0x000000006f80b860, pid=5984, tid=0x0000000000000664
#
# JRE version: Java(TM) SE Runtime Environment (8.0_101-b13) (build 1.8.0_101-b13)
# Java VM: Java HotSpot(TM) 64-Bit Server VM (25.101-b13 mixed mode windows-amd64 compressed oops)
# Problematic frame:
# V  [jvm.dll+0x1ab860]
#
# Failed to write core dump. Minidumps are not enabled by default on client versions of Windows
#
# If you would like to submit a bug report, please visit:
#   http://bugreport.java.com/bugreport/crash.jsp
#

---------------  T H R E A D  ---------------

Current thread (0x0000000055fe2800):  JavaThread "JDWP Transport Listener: dt_socket" daemon [_thread_in_vm, id=1636, stack(0x0000000057520000,0x0000000057620000)]

siginfo: ExceptionCode=0xc0000005, writing address 0x00000000b250bb90

Registers:
RAX=0x000000005f163278, RBX=0x000000000a640a00, RCX=0x0000000055fd98f0, RDX=0x0000000000000001
RSP=0x000000005761f510, RBP=0x000000005761f658, RSI=0x0000000016267d28, RDI=0x0000000000000013
R8 =0x0000000055fdebe0, R9 =0x0000000000000001, R10=0x0000000000000000, R11=0x000000005f163278
R12=0x000000005f306b90, R13=0x000000005761f610, R14=0x000000005761f658, R15=0x0000000000000015
RIP=0x000000006f80b860, EFLAGS=0x0000000000010202

Top of Stack: (sp=0x000000005761f510)
0x000000005761f510:   000000000a640a00 000000005761f658
0x000000005761f520:   0000000016267d28 000000006e430c18
0x000000005761f530:   0000000055fe2800 0000000055fd7550
0x000000005761f540:   0000000055fd9800 0000000055fd9810
0x000000005761f550:   0000000055fd98e8 00000000000000d8
0x000000005761f560:   000000005761f930 000000006f8db3b4
0x000000005761f570:   0000000000000000 0000000000000000
0x000000005761f580:   0000000055fe34b8 00000000a4133408
0x000000005761f590:   0000000055fe2800 000000006f9a6c73
0x000000005761f5a0:   000000005761f658 000000005761f610
0x000000005761f5b0:   000000000211dc40 000000006e426c0e
0x000000005761f5c0:   0000000055fe2800 0000000000000000
0x000000005761f5d0:   0000000000000000 0000000000000000
0x000000005761f5e0:   0000000000000000 000000006e41551f
0x000000005761f5f0:   000000005761f6a0 0000000000000001
0x000000005761f600:   0000000059faac70 000000005761f6d0 

Instructions: (pc=0x000000006f80b860)
0x000000006f80b840:   48 8b 8e 80 01 00 00 48 8b 86 a0 01 00 00 48 8b
0x000000006f80b850:   4c f9 08 48 63 5c b8 04 e8 83 14 ef ff 48 ff c7
0x000000006f80b860:   49 89 04 dc 49 3b ff 7c d7 eb 23 45 85 ff 7e 1e
0x000000006f80b870:   48 8b 86 80 01 00 00 48 8b 4c f8 08 e8 5f 14 ef 


Register to memory mapping:

RAX=0x000000005f163278 is an unknown value
RBX=0x000000000a640a00 is an unknown value
RCX=0x0000000055fd98f0 is an unknown value
RDX=0x0000000000000001 is an unknown value
RSP=0x000000005761f510 is pointing into the stack for thread: 0x0000000055fe2800
RBP=0x000000005761f658 is pointing into the stack for thread: 0x0000000055fe2800
RSI=0x0000000016267d28 is pointing into metadata
RDI=0x0000000000000013 is an unknown value
R8 =0x0000000055fdebe0 is an unknown value
R9 =0x0000000000000001 is an unknown value
R10=0x0000000000000000 is an unknown value
R11=0x000000005f163278 is an unknown value
R12=0x000000005f306b90 is an unknown value
R13=0x000000005761f610 is pointing into the stack for thread: 0x0000000055fe2800
R14=0x000000005761f658 is pointing into the stack for thread: 0x0000000055fe2800
R15=0x0000000000000015 is an unknown value


Stack: [0x0000000057520000,0x0000000057620000],  sp=0x000000005761f510,  free space=1021k
Native frames: (J=compiled Java code, j=interpreted, Vv=VM code, C=native code)
V  [jvm.dll+0x1ab860]
V  [jvm.dll+0x346c73]
C  [jdwp.dll+0x551f]
C  [jdwp.dll+0xf0a8]
C  [jdwp.dll+0x1f2d5]
C  [jdwp.dll+0x1f4aa]
V  [jvm.dll+0x1bd258]
V  [jvm.dll+0x2451a4]
V  [jvm.dll+0x29c18a]
C  [msvcr100.dll+0x21d9f]
C  [msvcr100.dll+0x21e3b]
C  [kernel32.dll+0x1556d]
C  [ntdll.dll+0x5372d]


---------------  P R O C E S S  ---------------

Java Threads: ( => current thread )
  0x000000005fc3a800 JavaThread "http-nio-8112-Acceptor" daemon [_thread_in_native, id=7388, stack(0x0000000062ca0000,0x0000000062da0000)]
  0x000000005fc39800 JavaThread "http-nio-8112-ClientPoller" daemon [_thread_in_native, id=14308, stack(0x00000000638f0000,0x00000000639f0000)]
  0x000000005c528000 JavaThread "http-nio-8112-exec-10" daemon [_thread_blocked, id=6904, stack(0x0000000063510000,0x0000000063610000)]
  0x000000005c529800 JavaThread "http-nio-8112-exec-9" daemon [_thread_blocked, id=12172, stack(0x00000000633a0000,0x00000000634a0000)]
  0x000000005c52b000 JavaThread "http-nio-8112-exec-8" daemon [_thread_blocked, id=11940, stack(0x0000000063180000,0x0000000063280000)]
  0x000000005c52b800 JavaThread "http-nio-8112-exec-7" daemon [_thread_blocked, id=7372, stack(0x00000000624c0000,0x00000000625c0000)]
  0x000000005c833000 JavaThread "http-nio-8112-exec-6" daemon [_thread_blocked, id=9312, stack(0x0000000063020000,0x0000000063120000)]
  0x000000005c836800 JavaThread "http-nio-8112-exec-5" daemon [_thread_blocked, id=11396, stack(0x0000000062840000,0x0000000062940000)]
  0x000000005c835000 JavaThread "http-nio-8112-exec-4" daemon [_thread_blocked, id=7032, stack(0x0000000062b50000,0x0000000062c50000)]
  0x000000005c832000 JavaThread "http-nio-8112-exec-3" daemon [_thread_blocked, id=6420, stack(0x00000000605d0000,0x00000000606d0000)]
  0x000000005c834800 JavaThread "http-nio-8112-exec-2" daemon [_thread_blocked, id=5508, stack(0x0000000062970000,0x0000000062a70000)]
  0x000000005c833800 JavaThread "http-nio-8112-exec-1" daemon [_thread_blocked, id=11676, stack(0x0000000060fa0000,0x00000000610a0000)]
  0x000000005c830000 JavaThread "http-nio-8112-BlockPoller" daemon [_thread_in_native, id=12304, stack(0x0000000062700000,0x0000000062800000)]
  0x000000005c836000 JavaThread "File Watcher" daemon [_thread_blocked, id=6764, stack(0x00000000602d0000,0x00000000603d0000)]
  0x000000005c831800 JavaThread "task-2" [_thread_blocked, id=13244, stack(0x00000000625d0000,0x00000000626d0000)]
  0x000000005c78b000 JavaThread "container-0" [_thread_blocked, id=10368, stack(0x00000000621a0000,0x00000000622a0000)]
  0x000000005c788800 JavaThread "Catalina-utility-2" [_thread_blocked, id=3972, stack(0x0000000062090000,0x0000000062190000)]
  0x000000005c78c800 JavaThread "Catalina-utility-1" [_thread_blocked, id=8872, stack(0x0000000061b50000,0x0000000061c50000)]
  0x000000005c78a000 JavaThread "HikariPool-5 housekeeper" daemon [_thread_blocked, id=5296, stack(0x000000005ff90000,0x0000000060090000)]
  0x000000005c788000 JavaThread "mssql-jdbc-shared-timer-core-4" daemon [_thread_blocked, id=7384, stack(0x0000000060e50000,0x0000000060f50000)]
  0x000000005c789800 JavaThread "task-1" [_thread_blocked, id=13840, stack(0x00000000609c0000,0x0000000060ac0000)]
  0x000000005c526800 JavaThread "http-nio-8112-exec-10" daemon [_thread_blocked, id=9172, stack(0x00000000632a0000,0x00000000633a0000)]
  0x000000005c830800 JavaThread "http-nio-8112-exec-5" daemon [_thread_blocked, id=3456, stack(0x0000000061d40000,0x0000000061e40000)]
  0x000000005c786800 JavaThread "DestroyJavaVM" [_thread_blocked, id=608, stack(0x0000000002380000,0x0000000002480000)]
  0x000000005c525800 JavaThread "Live Reload Server" daemon [_thread_in_native, id=12000, stack(0x0000000058bf0000,0x0000000058cf0000)]
  0x0000000058387800 JavaThread "RMI TCP Accept-0" daemon [_thread_in_native, id=8604, stack(0x0000000058cf0000,0x0000000058df0000)]
  0x0000000058380000 JavaThread "RMI TCP Accept-54452" daemon [_thread_in_native, id=4940, stack(0x00000000588c0000,0x00000000589c0000)]
  0x000000005836f000 JavaThread "RMI TCP Accept-0" daemon [_thread_in_native, id=12512, stack(0x0000000058ad0000,0x0000000058bd0000)]
  0x000000005602e800 JavaThread "Service Thread" daemon [_thread_blocked, id=9412, stack(0x0000000057f20000,0x0000000058020000)]
  0x000000005602d000 JavaThread "C1 CompilerThread1" daemon [_thread_blocked, id=12800, stack(0x0000000057d50000,0x0000000057e50000)]
  0x0000000055ff8000 JavaThread "C2 CompilerThread0" daemon [_thread_blocked, id=1132, stack(0x00000000577d0000,0x00000000578d0000)]
  0x0000000055ff6000 JavaThread "JDWP Command Reader" daemon [_thread_in_native, id=10772, stack(0x00000000572e0000,0x00000000573e0000)]
  0x0000000055fe5000 JavaThread "JDWP Event Helper Thread" daemon [_thread_blocked, id=8832, stack(0x0000000057650000,0x0000000057750000)]
=>0x0000000055fe2800 JavaThread "JDWP Transport Listener: dt_socket" daemon [_thread_in_vm, id=1636, stack(0x0000000057520000,0x0000000057620000)]
  0x0000000055fd1800 JavaThread "Attach Listener" daemon [_thread_blocked, id=7444, stack(0x0000000056fd0000,0x00000000570d0000)]
  0x0000000055fd0800 JavaThread "Signal Dispatcher" daemon [_thread_blocked, id=684, stack(0x0000000056e30000,0x0000000056f30000)]
  0x0000000055fb5000 JavaThread "Finalizer" daemon [_thread_blocked, id=12316, stack(0x0000000056ce0000,0x0000000056de0000)]
  0x0000000055f6b800 JavaThread "Reference Handler" daemon [_thread_blocked, id=12072, stack(0x0000000056a30000,0x0000000056b30000)]

Other Threads:
  0x0000000055f63800 VMThread [stack: 0x0000000056820000,0x0000000056920000] [id=12988]
  0x000000005838a000 WatcherThread [stack: 0x0000000058e50000,0x0000000058f50000] [id=12864]

VM state:not at safepoint (normal execution)

VM Mutex/Monitor currently owned by a thread: None

Heap:
 PSYoungGen      total 492032K, used 35957K [0x00000000e0100000, 0x0000000100000000, 0x0000000100000000)
  eden space 461824K, 3% used [0x00000000e0100000,0x00000000e0fcbc10,0x00000000fc400000)
  from space 30208K, 68% used [0x00000000fc400000,0x00000000fd851808,0x00000000fe180000)
  to   space 30720K, 0% used [0x00000000fe200000,0x00000000fe200000,0x0000000100000000)
 ParOldGen       total 105472K, used 75753K [0x00000000a0200000, 0x00000000a6900000, 0x00000000e0100000)
  object space 105472K, 71% used [0x00000000a0200000,0x00000000a4bfa678,0x00000000a6900000)
 Metaspace       used 100520K, capacity 106492K, committed 106624K, reserved 1142784K
  class space    used 12406K, capacity 13419K, committed 13440K, reserved 1048576K

Card table byte_map: [0x0000000011b10000,0x0000000011e10000] byte_map_base: 0x000000001160f000

Marking Bits: (ParMarkBitMap*) 0x000000006fe7a6d0
 Begin Bits: [0x0000000012340000, 0x0000000013b38000)
 End Bits:   [0x0000000013b38000, 0x0000000015330000)

Polling page: 0x0000000000120000

CodeCache: size=245760Kb used=31066Kb max_used=31066Kb free=214693Kb
 bounds [0x0000000002750000, 0x00000000045b0000, 0x0000000011750000]
 total_blobs=17273 nmethods=16430 adapters=763
 compilation: enabled

Compilation events (10 events):
Event: 873.232 Thread 0x000000005602d000 16657       1       org.springframework.beans.CachedIntrospectionResults::isUnderneathClassLoader (33 bytes)
Event: 873.233 Thread 0x000000005602d000 nmethod 16657 0x00000000045a9050 code [0x00000000045a91e0, 0x00000000045a94f8]
Event: 873.233 Thread 0x000000005602d000 16658       1       java.util.AbstractMap$1$1::hasNext (10 bytes)
Event: 873.233 Thread 0x000000005602d000 nmethod 16658 0x00000000045a9850 code [0x00000000045a99a0, 0x00000000045a9ae8]
Event: 873.233 Thread 0x000000005602d000 16659       1       org.springframework.boot.actuate.autoconfigure.metrics.PropertiesMeterFilter::accept (37 bytes)
Event: 873.234 Thread 0x000000005602d000 nmethod 16659 0x00000000045a9b50 code [0x00000000045a9ce0, 0x00000000045a9f28]
Event: 875.984 Thread 0x000000005602d000 16660       1       sun.management.LazyCompositeData::<init> (5 bytes)
Event: 875.984 Thread 0x000000005602d000 nmethod 16660 0x00000000045aa110 code [0x00000000045aa260, 0x00000000045aa370]
Event: 875.984 Thread 0x000000005602d000 16661       1       java.lang.management.MemoryUsage::getUsed (5 bytes)
Event: 875.984 Thread 0x000000005602d000 nmethod 16661 0x00000000045aa3d0 code [0x00000000045aa520, 0x00000000045aa630]

GC Heap History (10 events):
Event: 716.271 GC heap before
{Heap before GC invocations=30 (full 6):
 PSYoungGen      total 482304K, used 482151K [0x00000000e0100000, 0x0000000100000000, 0x0000000100000000)
  eden space 461824K, 100% used [0x00000000e0100000,0x00000000fc400000,0x00000000fc400000)
  from space 20480K, 99% used [0x00000000fc400000,0x00000000fd7d9d90,0x00000000fd800000)
  to   space 31232K, 0% used [0x00000000fe180000,0x00000000fe180000,0x0000000100000000)
 ParOldGen       total 105472K, used 64968K [0x00000000a0200000, 0x00000000a6900000, 0x00000000e0100000)
  object space 105472K, 61% used [0x00000000a0200000,0x00000000a4172118,0x00000000a6900000)
 Metaspace       used 94486K, capacity 100116K, committed 100224K, reserved 1136640K
  class space    used 11897K, capacity 12842K, committed 12928K, reserved 1048576K
Event: 716.357 GC heap after
Heap after GC invocations=30 (full 6):
 PSYoungGen      total 492032K, used 20454K [0x00000000e0100000, 0x0000000100000000, 0x0000000100000000)
  eden space 460800K, 0% used [0x00000000e0100000,0x00000000e0100000,0x00000000fc300000)
  from space 31232K, 65% used [0x00000000fe180000,0x00000000ff579808,0x0000000100000000)
  to   space 31232K, 0% used [0x00000000fc300000,0x00000000fc300000,0x00000000fe180000)
 ParOldGen       total 105472K, used 64976K [0x00000000a0200000, 0x00000000a6900000, 0x00000000e0100000)
  object space 105472K, 61% used [0x00000000a0200000,0x00000000a4174118,0x00000000a6900000)
 Metaspace       used 94486K, capacity 100116K, committed 100224K, reserved 1136640K
  class space    used 11897K, capacity 12842K, committed 12928K, reserved 1048576K
}
Event: 862.477 GC heap before
{Heap before GC invocations=31 (full 6):
 PSYoungGen      total 492032K, used 244140K [0x00000000e0100000, 0x0000000100000000, 0x0000000100000000)
  eden space 460800K, 48% used [0x00000000e0100000,0x00000000edb719d0,0x00000000fc300000)
  from space 31232K, 65% used [0x00000000fe180000,0x00000000ff579808,0x0000000100000000)
  to   space 31232K, 0% used [0x00000000fc300000,0x00000000fc300000,0x00000000fe180000)
 ParOldGen       total 105472K, used 64976K [0x00000000a0200000, 0x00000000a6900000, 0x00000000e0100000)
  object space 105472K, 61% used [0x00000000a0200000,0x00000000a4174118,0x00000000a6900000)
 Metaspace       used 95771K, capacity 101710K, committed 101888K, reserved 1138688K
  class space    used 12025K, capacity 13024K, committed 13056K, reserved 1048576K
Event: 862.512 GC heap after
Heap after GC invocations=31 (full 6):
 PSYoungGen      total 492032K, used 14989K [0x00000000e0100000, 0x0000000100000000, 0x0000000100000000)
  eden space 460800K, 0% used [0x00000000e0100000,0x00000000e0100000,0x00000000fc300000)
  from space 31232K, 47% used [0x00000000fc300000,0x00000000fd1a35b0,0x00000000fe180000)
  to   space 30208K, 0% used [0x00000000fe280000,0x00000000fe280000,0x0000000100000000)
 ParOldGen       total 105472K, used 64976K [0x00000000a0200000, 0x00000000a6900000, 0x00000000e0100000)
  object space 105472K, 61% used [0x00000000a0200000,0x00000000a4174118,0x00000000a6900000)
 Metaspace       used 95771K, capacity 101710K, committed 101888K, reserved 1138688K
  class space    used 12025K, capacity 13024K, committed 13056K, reserved 1048576K
}
Event: 862.512 GC heap before
{Heap before GC invocations=32 (full 7):
 PSYoungGen      total 492032K, used 14989K [0x00000000e0100000, 0x0000000100000000, 0x0000000100000000)
  eden space 460800K, 0% used [0x00000000e0100000,0x00000000e0100000,0x00000000fc300000)
  from space 31232K, 47% used [0x00000000fc300000,0x00000000fd1a35b0,0x00000000fe180000)
  to   space 30208K, 0% used [0x00000000fe280000,0x00000000fe280000,0x0000000100000000)
 ParOldGen       total 105472K, used 64976K [0x00000000a0200000, 0x00000000a6900000, 0x00000000e0100000)
  object space 105472K, 61% used [0x00000000a0200000,0x00000000a4174118,0x00000000a6900000)
 Metaspace       used 95771K, capacity 101710K, committed 101888K, reserved 1138688K
  class space    used 12025K, capacity 13024K, committed 13056K, reserved 1048576K
Event: 863.188 GC heap after
Heap after GC invocations=32 (full 7):
 PSYoungGen      total 492032K, used 0K [0x00000000e0100000, 0x0000000100000000, 0x0000000100000000)
  eden space 460800K, 0% used [0x00000000e0100000,0x00000000e0100000,0x00000000fc300000)
  from space 31232K, 0% used [0x00000000fc300000,0x00000000fc300000,0x00000000fe180000)
  to   space 30208K, 0% used [0x00000000fe280000,0x00000000fe280000,0x0000000100000000)
 ParOldGen       total 105472K, used 75737K [0x00000000a0200000, 0x00000000a6900000, 0x00000000e0100000)
  object space 105472K, 71% used [0x00000000a0200000,0x00000000a4bf6678,0x00000000a6900000)
 Metaspace       used 95768K, capacity 101704K, committed 101888K, reserved 1138688K
  class space    used 12024K, capacity 13023K, committed 13056K, reserved 1048576K
}
Event: 869.588 GC heap before
{Heap before GC invocations=33 (full 7):
 PSYoungGen      total 492032K, used 460800K [0x00000000e0100000, 0x0000000100000000, 0x0000000100000000)
  eden space 460800K, 100% used [0x00000000e0100000,0x00000000fc300000,0x00000000fc300000)
  from space 31232K, 0% used [0x00000000fc300000,0x00000000fc300000,0x00000000fe180000)
  to   space 30208K, 0% used [0x00000000fe280000,0x00000000fe280000,0x0000000100000000)
 ParOldGen       total 105472K, used 75737K [0x00000000a0200000, 0x00000000a6900000, 0x00000000e0100000)
  object space 105472K, 71% used [0x00000000a0200000,0x00000000a4bf6678,0x00000000a6900000)
 Metaspace       used 99350K, capacity 105328K, committed 105600K, reserved 1140736K
  class space    used 12333K, capacity 13353K, committed 13440K, reserved 1048576K
Event: 869.651 GC heap after
Heap after GC invocations=33 (full 7):
 PSYoungGen      total 491008K, used 20253K [0x00000000e0100000, 0x00000000fff00000, 0x0000000100000000)
  eden space 461824K, 0% used [0x00000000e0100000,0x00000000e0100000,0x00000000fc400000)
  from space 29184K, 69% used [0x00000000fe280000,0x00000000ff647630,0x00000000fff00000)
  to   space 30208K, 0% used [0x00000000fc400000,0x00000000fc400000,0x00000000fe180000)
 ParOldGen       total 105472K, used 75745K [0x00000000a0200000, 0x00000000a6900000, 0x00000000e0100000)
  object space 105472K, 71% used [0x00000000a0200000,0x00000000a4bf8678,0x00000000a6900000)
 Metaspace       used 99350K, capacity 105328K, committed 105600K, reserved 1140736K
  class space    used 12333K, capacity 13353K, committed 13440K, reserved 1048576K
}
Event: 875.923 GC heap before
{Heap before GC invocations=34 (full 7):
 PSYoungGen      total 491008K, used 482077K [0x00000000e0100000, 0x00000000fff00000, 0x0000000100000000)
  eden space 461824K, 100% used [0x00000000e0100000,0x00000000fc400000,0x00000000fc400000)
  from space 29184K, 69% used [0x00000000fe280000,0x00000000ff647630,0x00000000fff00000)
  to   space 30208K, 0% used [0x00000000fc400000,0x00000000fc400000,0x00000000fe180000)
 ParOldGen       total 105472K, used 75745K [0x00000000a0200000, 0x00000000a6900000, 0x00000000e0100000)
  object space 105472K, 71% used [0x00000000a0200000,0x00000000a4bf8678,0x00000000a6900000)
 Metaspace       used 100520K, capacity 106492K, committed 106624K, reserved 1142784K
  class space    used 12406K, capacity 13419K, committed 13440K, reserved 1048576K
Event: 875.983 GC heap after
Heap after GC invocations=34 (full 7):
 PSYoungGen      total 492032K, used 20806K [0x00000000e0100000, 0x0000000100000000, 0x0000000100000000)
  eden space 461824K, 0% used [0x00000000e0100000,0x00000000e0100000,0x00000000fc400000)
  from space 30208K, 68% used [0x00000000fc400000,0x00000000fd851808,0x00000000fe180000)
  to   space 30720K, 0% used [0x00000000fe200000,0x00000000fe200000,0x0000000100000000)
 ParOldGen       total 105472K, used 75753K [0x00000000a0200000, 0x00000000a6900000, 0x00000000e0100000)
  object space 105472K, 71% used [0x00000000a0200000,0x00000000a4bfa678,0x00000000a6900000)
 Metaspace       used 100520K, capacity 106492K, committed 106624K, reserved 1142784K
  class space    used 12406K, capacity 13419K, committed 13440K, reserved 1048576K
}

Deoptimization events (0 events):
No events

Internal exceptions (10 events):
Event: 873.098 Thread 0x000000005c78b800 Exception <a 'java/lang/ArrayIndexOutOfBoundsException'> (0x00000000facd2c88) thrown at [C:\re\workspace\8-2-build-windows-amd64-cygwin\jdk8u101\7261\hotspot\src\share\vm\runtime\sharedRuntime.cpp, line 605]
Event: 873.100 Thread 0x000000005c78b800 Exception <a 'java/lang/ArrayIndexOutOfBoundsException'> (0x00000000facdcda0) thrown at [C:\re\workspace\8-2-build-windows-amd64-cygwin\jdk8u101\7261\hotspot\src\share\vm\runtime\sharedRuntime.cpp, line 605]
Event: 873.184 Thread 0x000000005c78b800 Exception <a 'java/lang/ArrayIndexOutOfBoundsException'> (0x00000000fbd1d880) thrown at [C:\re\workspace\8-2-build-windows-amd64-cygwin\jdk8u101\7261\hotspot\src\share\vm\runtime\sharedRuntime.cpp, line 605]
Event: 873.185 Thread 0x000000005c78b800 Exception <a 'java/lang/ArrayIndexOutOfBoundsException'> (0x00000000fbd25f60) thrown at [C:\re\workspace\8-2-build-windows-amd64-cygwin\jdk8u101\7261\hotspot\src\share\vm\runtime\sharedRuntime.cpp, line 605]
Event: 873.186 Thread 0x000000005c78b800 Exception <a 'java/lang/ArrayIndexOutOfBoundsException'> (0x00000000fbd336b0) thrown at [C:\re\workspace\8-2-build-windows-amd64-cygwin\jdk8u101\7261\hotspot\src\share\vm\runtime\sharedRuntime.cpp, line 605]
Event: 873.187 Thread 0x000000005c78b800 Exception <a 'java/lang/ArrayIndexOutOfBoundsException'> (0x00000000fbd3cc98) thrown at [C:\re\workspace\8-2-build-windows-amd64-cygwin\jdk8u101\7261\hotspot\src\share\vm\runtime\sharedRuntime.cpp, line 605]
Event: 873.188 Thread 0x000000005c78b800 Exception <a 'java/lang/ArrayIndexOutOfBoundsException'> (0x00000000fbd505a0) thrown at [C:\re\workspace\8-2-build-windows-amd64-cygwin\jdk8u101\7261\hotspot\src\share\vm\runtime\sharedRuntime.cpp, line 605]
Event: 873.189 Thread 0x000000005c78b800 Exception <a 'java/lang/ArrayIndexOutOfBoundsException'> (0x00000000fbd5a348) thrown at [C:\re\workspace\8-2-build-windows-amd64-cygwin\jdk8u101\7261\hotspot\src\share\vm\runtime\sharedRuntime.cpp, line 605]
Event: 873.191 Thread 0x000000005c78b800 Exception <a 'java/lang/ArrayIndexOutOfBoundsException'> (0x00000000fbd719d8) thrown at [C:\re\workspace\8-2-build-windows-amd64-cygwin\jdk8u101\7261\hotspot\src\share\vm\runtime\sharedRuntime.cpp, line 605]
Event: 873.192 Thread 0x000000005c78b800 Exception <a 'java/lang/ArrayIndexOutOfBoundsException'> (0x00000000fbd7be38) thrown at [C:\re\workspace\8-2-build-windows-amd64-cygwin\jdk8u101\7261\hotspot\src\share\vm\runtime\sharedRuntime.cpp, line 605]

Events (10 events):
Event: 890.559 Executing VM operation: ChangeBreakpoints
Event: 890.565 Executing VM operation: ChangeBreakpoints done
Event: 890.565 Executing VM operation: ChangeBreakpoints
Event: 890.571 Executing VM operation: ChangeBreakpoints done
Event: 890.572 Executing VM operation: ChangeBreakpoints
Event: 890.578 Executing VM operation: ChangeBreakpoints done
Event: 890.578 Executing VM operation: ChangeBreakpoints
Event: 890.585 Executing VM operation: ChangeBreakpoints done
Event: 890.586 Executing VM operation: ChangeBreakpoints
Event: 890.593 Executing VM operation: ChangeBreakpoints done


Dynamic libraries:
0x000000013f440000 - 0x000000013f477000 	C:\Program Files\Java\jdk1.8.0_101\bin\javaw.exe
0x0000000077a40000 - 0x0000000077bdf000 	C:\Windows\SYSTEM32\ntdll.dll
0x0000000077920000 - 0x0000000077a3f000 	C:\Windows\system32\kernel32.dll
0x000007fefd8e0000 - 0x000007fefd947000 	C:\Windows\system32\KERNELBASE.dll
0x000007fefd950000 - 0x000007fefda2b000 	C:\Windows\system32\ADVAPI32.dll
0x000007feffc90000 - 0x000007feffd2f000 	C:\Windows\system32\msvcrt.dll
0x000007feff9f0000 - 0x000007feffa0f000 	C:\Windows\SYSTEM32\sechost.dll
0x000007fefe7c0000 - 0x000007fefe8ec000 	C:\Windows\system32\RPCRT4.dll
0x0000000077820000 - 0x000000007791b000 	C:\Windows\system32\USER32.dll
0x000007feff980000 - 0x000007feff9e7000 	C:\Windows\system32\GDI32.dll
0x000007fefebc0000 - 0x000007fefebce000 	C:\Windows\system32\LPK.dll
0x000007feffa10000 - 0x000007feffadb000 	C:\Windows\system32\USP10.dll
0x000007fefbfa0000 - 0x000007fefc195000 	C:\Windows\WinSxS\amd64_microsoft.windows.common-controls_6595b64144ccf1df_6.0.7601.24483_none_e372d88f30fbb845\COMCTL32.dll
0x000007fefda30000 - 0x000007fefdaa1000 	C:\Windows\system32\SHLWAPI.dll
0x000007fefdab0000 - 0x000007fefdade000 	C:\Windows\system32\IMM32.DLL
0x000007fefe1e0000 - 0x000007fefe2eb000 	C:\Windows\system32\MSCTF.dll
0x00000000589c0000 - 0x0000000058a92000 	C:\Program Files\Java\jdk1.8.0_101\jre\bin\msvcr100.dll
0x000000006f660000 - 0x000000006fefa000 	C:\Program Files\Java\jdk1.8.0_101\jre\bin\server\jvm.dll
0x000007fef8a40000 - 0x000007fef8a49000 	C:\Windows\system32\WSOCK32.dll
0x000007feffc40000 - 0x000007feffc8d000 	C:\Windows\system32\WS2_32.dll
0x000007fefe1d0000 - 0x000007fefe1d8000 	C:\Windows\system32\NSI.dll
0x000007fefb330000 - 0x000007fefb36b000 	C:\Windows\system32\WINMM.dll
0x000007fefc660000 - 0x000007fefc66c000 	C:\Windows\system32\VERSION.dll
0x0000000077be0000 - 0x0000000077be7000 	C:\Windows\system32\PSAPI.DLL
0x0000000072a00000 - 0x0000000072a0f000 	C:\Program Files\Java\jdk1.8.0_101\jre\bin\verify.dll
0x000000006e220000 - 0x000000006e249000 	C:\Program Files\Java\jdk1.8.0_101\jre\bin\java.dll
0x000000006e410000 - 0x000000006e445000 	C:\Program Files\Java\jdk1.8.0_101\jre\bin\jdwp.dll
0x0000000071040000 - 0x0000000071048000 	C:\Program Files\Java\jdk1.8.0_101\jre\bin\npt.dll
0x000000005ddb0000 - 0x000000005ddc6000 	C:\Program Files\Java\jdk1.8.0_101\jre\bin\zip.dll
0x000007fefebd0000 - 0x000007feff95b000 	C:\Windows\system32\SHELL32.dll
0x000007fefe520000 - 0x000007fefe71f000 	C:\Windows\system32\ole32.dll
0x000007fefd5a0000 - 0x000007fefd5af000 	C:\Windows\system32\profapi.dll
0x0000000071030000 - 0x0000000071039000 	C:\Program Files\Java\jdk1.8.0_101\jre\bin\dt_socket.dll
0x000007fefb5b0000 - 0x000007fefb5c5000 	C:\Windows\system32\NLAapi.dll
0x000007fef9880000 - 0x000007fef9895000 	C:\Windows\system32\napinsp.dll
0x000007fef9850000 - 0x000007fef9869000 	C:\Windows\system32\pnrpnsp.dll
0x000007fefcde0000 - 0x000007fefce35000 	C:\Windows\System32\mswsock.dll
0x000007fefcb10000 - 0x000007fefcb6b000 	C:\Windows\system32\DNSAPI.dll
0x000007fef9840000 - 0x000007fef984b000 	C:\Windows\System32\winrnr.dll
0x000007fefb160000 - 0x000007fefb187000 	C:\Windows\system32\IPHLPAPI.DLL
0x000007fefb130000 - 0x000007fefb13b000 	C:\Windows\system32\WINNSI.DLL
0x000007fef99e0000 - 0x000007fef99f1000 	C:\Windows\system32\dhcpcsvc6.DLL
0x000007fef99c0000 - 0x000007fef99d8000 	C:\Windows\system32\dhcpcsvc.DLL
0x000007fef9900000 - 0x000007fef9953000 	C:\Windows\System32\fwpuclnt.dll
0x000007fef9ba0000 - 0x000007fef9ba8000 	C:\Windows\system32\rasadhlp.dll
0x000007fefc730000 - 0x000007fefc737000 	C:\Windows\System32\wshtcpip.dll
0x000000006e210000 - 0x000000006e21d000 	C:\Program Files\Java\jdk1.8.0_101\jre\bin\management.dll
0x000000005dd90000 - 0x000000005ddaa000 	C:\Program Files\Java\jdk1.8.0_101\jre\bin\net.dll
0x000007fefcdd0000 - 0x000007fefcdd7000 	C:\Windows\System32\wship6.dll
0x000000005dd70000 - 0x000000005dd81000 	C:\Program Files\Java\jdk1.8.0_101\jre\bin\nio.dll
0x000007fefcf70000 - 0x000007fefcf88000 	C:\Windows\system32\CRYPTSP.dll
0x000007fefca20000 - 0x000007fefca67000 	C:\Windows\system32\rsaenh.dll
0x000007fefd7f0000 - 0x000007fefd80f000 	C:\Windows\system32\USERENV.dll
0x000007fefd3f0000 - 0x000007fefd3ff000 	C:\Windows\system32\CRYPTBASE.dll
0x0000000001cb0000 - 0x0000000001cd4000 	C:\Program Files\Java\jdk1.8.0_101\jre\bin\sunec.dll
0x000000005ef90000 - 0x000000005ef9b000 	C:\Program Files\Java\jdk1.8.0_101\jre\bin\sunmscapi.dll
0x000007fefd5c0000 - 0x000007fefd72d000 	C:\Windows\system32\CRYPT32.dll
0x000007fefd590000 - 0x000007fefd59f000 	C:\Windows\system32\MSASN1.dll
0x000007fef9a10000 - 0x000007fef9b35000 	C:\Windows\system32\dbghelp.dll

VM Arguments:
jvm_args: -agentlib:jdwp=transport=dt_socket,suspend=y,address=localhost:54453 -Dcom.sun.management.jmxremote -Dcom.sun.management.jmxremote.port=54452 -Dcom.sun.management.jmxremote.authenticate=false -Dcom.sun.management.jmxremote.ssl=false -Djava.rmi.server.hostname=localhost -Dspring.jmx.enabled=true -Dspring.application.admin.enabled=true -Xverify:none -XX:TieredStopAtLevel=1 -Dspring.boot.project.name=ApplicationService -Dfile.encoding=UTF-8 
java_command: com.titan.irgs.UserRoleServiceApplication --spring.output.ansi.enabled=always
java_class_path (initial): D:\Titan_IRSGWorkspace\User-Role-Service\target\classes;C:\Users\hari.k\.m2\repository\org\springframework\boot\spring-boot-starter-actuator\2.3.4.RELEASE\spring-boot-starter-actuator-2.3.4.RELEASE.jar;C:\Users\hari.k\.m2\repository\org\springframework\boot\spring-boot-starter\2.3.4.RELEASE\spring-boot-starter-2.3.4.RELEASE.jar;C:\Users\hari.k\.m2\repository\org\springframework\boot\spring-boot-starter-logging\2.3.4.RELEASE\spring-boot-starter-logging-2.3.4.RELEASE.jar;C:\Users\hari.k\.m2\repository\ch\qos\logback\logback-classic\1.2.3\logback-classic-1.2.3.jar;C:\Users\hari.k\.m2\repository\ch\qos\logback\logback-core\1.2.3\logback-core-1.2.3.jar;C:\Users\hari.k\.m2\repository\org\apache\logging\log4j\log4j-to-slf4j\2.13.3\log4j-to-slf4j-2.13.3.jar;C:\Users\hari.k\.m2\repository\org\apache\logging\log4j\log4j-api\2.13.3\log4j-api-2.13.3.jar;C:\Users\hari.k\.m2\repository\org\slf4j\jul-to-slf4j\1.7.30\jul-to-slf4j-1.7.30.jar;C:\Users\hari.k\.m2\repository\jakarta\annotation\jakarta.annotation-api\1.3.5\jakarta.annotation-api-1.3.5.jar;C:\Users\hari.k\.m2\repository\org\yaml\snakeyaml\1.26\snakeyaml-1.26.jar;C:\Users\hari.k\.m2\repository\org\springframework\boot\spring-boot-actuator-autoconfigure\2.3.4.RELEASE\spring-boot-actuator-autoconfigure-2.3.4.RELEASE.jar;C:\Users\hari.k\.m2\repository\org\springframework\boot\spring-boot-actuator\2.3.4.RELEASE\spring-boot-actuator-2.3.4.RELEASE.jar;C:\Users\hari.k\.m2\repository\com\fasterxml\jackson\datatype\jackson-datatype-jsr310\2.11.2\jackson-datatype-jsr310-2.11.2.jar;C:\Users\hari.k\.m2\repository\io\micrometer\micrometer-core\1.5.5\micrometer-core-1.5.5.jar;C:\Users\hari.k\.m2\repository\org\hdrhistogram\HdrHistogram\2.1.12\HdrHistogram-2.1.12.jar;C:\Users\hari.k\.m2\repository\org\latencyutils\LatencyUtils\2.0.3\LatencyUtils-2.0.3.jar;C:\Users\hari.k\.m2\repository\org\springframework\boot\spring-boot-starter-data-jpa\2.3.4.RELEASE\spring-boot-starter-data-jpa-2.3.4.RELEASE.jar;C:\Users\
Launcher Type: SUN_STANDARD

Environment Variables:
JAVA_HOME=C:\Program Files\Java\jdk1.7.0_71
PATH=C:\Program Files\Java\jdk1.8.0_101\jre\bin;C:/Program Files/Java/jre1.8.0_251/bin/server;C:/Program Files/Java/jre1.8.0_251/bin;C:/Program Files/Java/jre1.8.0_251/lib/amd64;C:\Program Files (x86)\Common Files\Oracle\Java\javapath;C:\ProgramData\Oracle\Java\javapath;C:\Windows\system32;C:\Windows;C:\Windows\System32\Wbem;C:\Windows\System32\WindowsPowerShell\v1.0\;C:\Program Files\Java\jdk1.8.0_101\bin;C:\Program Files\Java\jre1.8.0_101;C:\Program Files\TortoiseSVN\bin;C:\Program Files\Java\jdk1.7.0_71\bin;C:\Program Files (x86)\Java\jdk1.6.0_22\bin\;C:\Program Files\nodejs\;C:\Program Files\EmEditor;c:\Program Files (x86)\Microsoft SQL Server\110\Tools\Binn\;c:\Program Files\Microsoft SQL Server\110\Tools\Binn\;c:\Program Files\Microsoft SQL Server\110\DTS\Binn\;c:\Program Files (x86)\Microsoft SQL Server\110\Tools\Binn\ManagementStudio\;c:\Program Files (x86)\Microsoft SQL Server\110\DTS\Binn\;C:\Users\hari.k\Downloads\sts-4.5.1.RELEASE;
USERNAME=hari.k
OS=Windows_NT
PROCESSOR_IDENTIFIER=Intel64 Family 6 Model 23 Stepping 10, GenuineIntel



---------------  S Y S T E M  ---------------

OS: Windows 7 , 64 bit Build 7601 (6.1.7601.24545)

CPU:total 2 (2 cores per cpu, 1 threads per core) family 6 model 23 stepping 10, cmov, cx8, fxsr, mmx, sse, sse2, sse3, ssse3, sse4.1, tsc

Memory: 4k page, physical 6280376k(225100k free), swap 12552524k(2122804k free)

vm_info: Java HotSpot(TM) 64-Bit Server VM (25.101-b13) for windows-amd64 JRE (1.8.0_101-b13), built on Jun 22 2016 01:21:29 by "java_re" with MS VC++ 10.0 (VS2010)

time: Tue Jul 13 18:26:57 2021
elapsed time: 890 seconds (0d 0h 14m 50s)

